#
# There is insufficient memory for the Java Runtime Environment to continue.
# Native memory allocation (malloc) failed to allocate 182528 bytes for Chunk::new
# Possible reasons:
#   The system is out of physical RAM or swap space
#   The process is running with CompressedOops enabled, and the Java Heap may be blocking the growth of the native heap
# Possible solutions:
#   Reduce memory load on the system
#   Increase physical memory or swap space
#   Check if swap backing store is full
#   Decrease Java heap size (-Xmx/-Xms)
#   Decrease number of Java threads
#   Decrease Java thread stack sizes (-Xss)
#   Set larger code cache with -XX:ReservedCodeCacheSize=
#   JVM is running with Unscaled Compressed Oops mode in which the Java heap is
#     placed in the first 4GB address space. The Java Heap base address is the
#     maximum limit for the native heap growth. Please use -XX:HeapBaseMinAddress
#     to set the Java Heap base and to place the Java Heap above 4GB virtual address.
# This output file may be truncated or incomplete.
#
#  Out of Memory Error (arena.cpp:184), pid=5744, tid=26868
#
# JRE version: Java(TM) SE Runtime Environment (19.0.2+7) (build 19.0.2+7-44)
# Java VM: Java HotSpot(TM) 64-Bit Server VM (19.0.2+7-44, mixed mode, sharing, tiered, compressed oops, compressed class ptrs, g1 gc, windows-amd64)
# No core dump will be written. Minidumps are not enabled by default on client versions of Windows
#

---------------  S U M M A R Y ------------

Command Line: -Dfile.encoding=UTF-8 --module-path=C:\Users\snasi\OneDrive\Desktop\Nasir\Java\Java All Programms\Bank_Management_System\bin;C:\Users\snasi\OneDrive\Desktop\Nasir\Java\Java All Programms\Bank_Management_System\jcalendar-tz-1.3.3-4.jar;C:\Users\snasi\OneDrive\Desktop\Nasir\Java\Java All Programms\Bank_Management_System\SQL_Connection\mysql-connector-java-8.0.28.jar -XX:+ShowCodeDetailsInExceptionMessages -Djdk.module.main=Bank_Management_System Bank_Management_System/Bank_Management.SinginThree

Host: AMD Ryzen 3 3250U with Radeon Graphics         , 4 cores, 5G,  Windows 11 , 64 bit Build 22621 (10.0.22621.1635)
Time: Sat Jun 10 12:48:55 2023 India Standard Time elapsed time: 0.583164 seconds (0d 0h 0m 0s)

---------------  T H R E A D  ---------------

Current thread (0x000002527f47dd40):  JavaThread "C2 CompilerThread0" daemon [_thread_in_native, id=26868, stack(0x0000007905400000,0x0000007905500000)]


Current CompileTask:
C2:    583  656       4       java.util.HashMap::putVal (300 bytes)

Stack: [0x0000007905400000,0x0000007905500000]
Native frames: (J=compiled Java code, j=interpreted, Vv=VM code, C=native code)
V  [jvm.dll+0x6ee21a]
V  [jvm.dll+0x85765e]
V  [jvm.dll+0x85904e]
V  [jvm.dll+0x859703]
V  [jvm.dll+0x28298f]
V  [jvm.dll+0xc9adf]
V  [jvm.dll+0xc9e65]
V  [jvm.dll+0x3bca4c]
V  [jvm.dll+0x3860e1]
V  [jvm.dll+0x38555a]
V  [jvm.dll+0x24c3d9]
V  [jvm.dll+0x24b781]
V  [jvm.dll+0x1d6ce1]
V  [jvm.dll+0x25b25a]
V  [jvm.dll+0x2596e8]
V  [jvm.dll+0x807588]
V  [jvm.dll+0x80125a]
V  [jvm.dll+0x6ecf0b]
C  [ucrtbase.dll+0x29363]
C  [KERNEL32.DLL+0x126ad]
C  [ntdll.dll+0x5a9f8]


---------------  P R O C E S S  ---------------

Threads class SMR info:
_java_thread_list=0x0000025218451680, length=15, elements={
0x0000025276767160, 0x000002527f463910, 0x000002527f464a50, 0x000002527f466c60,
0x000002527f46b6b0, 0x000002527f4705a0, 0x000002527f479220, 0x000002527f47dd40,
0x000002527f480470, 0x000002527f4889e0, 0x0000025218162850, 0x000002521834d470,
0x00000252183b0750, 0x0000025218484170, 0x00000252183d76a0
}

Java Threads: ( => current thread )
  0x0000025276767160 JavaThread "main" [_thread_in_vm, id=18940, stack(0x0000007904700000,0x0000007904800000)]
  0x000002527f463910 JavaThread "Reference Handler" daemon [_thread_blocked, id=18968, stack(0x0000007904e00000,0x0000007904f00000)]
  0x000002527f464a50 JavaThread "Finalizer" daemon [_thread_blocked, id=26972, stack(0x0000007904f00000,0x0000007905000000)]
  0x000002527f466c60 JavaThread "Signal Dispatcher" daemon [_thread_blocked, id=9592, stack(0x0000007905000000,0x0000007905100000)]
  0x000002527f46b6b0 JavaThread "Attach Listener" daemon [_thread_blocked, id=8812, stack(0x0000007905100000,0x0000007905200000)]
  0x000002527f4705a0 JavaThread "Service Thread" daemon [_thread_blocked, id=27600, stack(0x0000007905200000,0x0000007905300000)]
  0x000002527f479220 JavaThread "Monitor Deflation Thread" daemon [_thread_blocked, id=7948, stack(0x0000007905300000,0x0000007905400000)]
=>0x000002527f47dd40 JavaThread "C2 CompilerThread0" daemon [_thread_in_native, id=26868, stack(0x0000007905400000,0x0000007905500000)]
  0x000002527f480470 JavaThread "C1 CompilerThread0" daemon [_thread_in_vm, id=27068, stack(0x0000007905500000,0x0000007905600000)]
  0x000002527f4889e0 JavaThread "Sweeper thread" daemon [_thread_blocked, id=9960, stack(0x0000007905600000,0x0000007905700000)]
  0x0000025218162850 JavaThread "Common-Cleaner" daemon [_thread_blocked, id=24844, stack(0x0000007905700000,0x0000007905800000)]
  0x000002521834d470 JavaThread "Notification Thread" daemon [_thread_blocked, id=3632, stack(0x0000007905900000,0x0000007905a00000)]
  0x00000252183b0750 JavaThread "Java2D Disposer" daemon [_thread_blocked, id=23816, stack(0x0000007905b00000,0x0000007905c00000)]
  0x0000025218484170 JavaThread "AWT-Shutdown" [_thread_blocked, id=12660, stack(0x0000007905c00000,0x0000007905d00000)]
  0x00000252183d76a0 JavaThread "AWT-Windows" daemon [_thread_in_native, id=27372, stack(0x0000007905d00000,0x0000007905e00000)]

Other Threads:
  0x000002527f449830 VMThread "VM Thread" [stack: 0x0000007904d00000,0x0000007904e00000] [id=26640]
  0x000002521829a2d0 WatcherThread "VM Periodic Task Thread" [stack: 0x0000007905a00000,0x0000007905b00000] [id=17620]
  0x00000252767b84b0 WorkerThread "GC Thread#0" [stack: 0x0000007904800000,0x0000007904900000] [id=7244]
  0x00000252767c5cf0 ConcurrentGCThread "G1 Main Marker" [stack: 0x0000007904900000,0x0000007904a00000] [id=16124]
  0x00000252767c6720 WorkerThread "G1 Conc#0" [stack: 0x0000007904a00000,0x0000007904b00000] [id=6468]
  0x000002527f310090 ConcurrentGCThread "G1 Refine#0" [stack: 0x0000007904b00000,0x0000007904c00000] [id=26668]
  0x000002527f310bd0 ConcurrentGCThread "G1 Service" [stack: 0x0000007904c00000,0x0000007904d00000] [id=26664]

Threads with active compile tasks:
C2 CompilerThread0      637  656       4       java.util.HashMap::putVal (300 bytes)
C1 CompilerThread0      637  666       3       java.lang.invoke.ClassSpecializer$SpeciesData::fieldCount (10 bytes)

VM state: not at safepoint (normal execution)

VM Mutex/Monitor currently owned by a thread:  ([mutex/lock_event])
[0x0000025276760410] Metaspace_lock - owner thread: 0x0000025276767160
[0x00000252767625d0] MethodData_lock - owner thread: 0x000002527f480470

Heap address: 0x00000000a0e00000, size: 1522 MB, Compressed Oops mode: 32-bit

CDS archive(s) mapped at: [0x0000000800000000-0x0000000800c40000-0x0000000800c40000), size 12845056, SharedBaseAddress: 0x0000000800000000, ArchiveRelocationMode: 0.
Compressed class space mapped at: 0x0000000801000000-0x0000000841000000, reserved size: 1073741824
Narrow klass base: 0x0000000800000000, Narrow klass shift: 0, Narrow klass range: 0x100000000

GC Precious Log:
 CardTable entry size: 512
 Card Set container configuration: InlinePtr #cards 5 size 8 Array Of Cards #cards 12 size 40 Howl #buckets 4 coarsen threshold 1843 Howl Bitmap #cards 512 size 80 coarsen threshold 460 Card regions per heap region 1 cards per card region 2048
 CPUs: 4 total, 4 available
 Memory: 6086M
 Large Page Support: Disabled
 NUMA Support: Disabled
 Compressed Oops: Enabled (32-bit)
 Heap Region Size: 1M
 Heap Min Capacity: 8M
 Heap Initial Capacity: 96M
 Heap Max Capacity: 1522M
 Pre-touch: Disabled
 Parallel Workers: 4
 Concurrent Workers: 1
 Concurrent Refinement Workers: 4
 Periodic GC: Disabled

Heap:
 garbage-first heap   total 98304K, used 6144K [0x00000000a0e00000, 0x0000000100000000)
  region size 1024K, 7 young (7168K), 0 survivors (0K)
 Metaspace       used 4523K, committed 4608K, reserved 1114112K
  class space    used 473K, committed 512K, reserved 1048576K

Heap Regions: E=young(eden), S=young(survivor), O=old, HS=humongous(starts), HC=humongous(continues), CS=collection set, F=free, OA=open archive, CA=closed archive, TAMS=top-at-mark-start (previous, next)
|   0|0x00000000a0e00000, 0x00000000a0e00000, 0x00000000a0f00000|  0%| F|  |TAMS 0x00000000a0e00000, 0x00000000a0e00000| Untracked 
|   1|0x00000000a0f00000, 0x00000000a0f00000, 0x00000000a1000000|  0%| F|  |TAMS 0x00000000a0f00000, 0x00000000a0f00000| Untracked 
|   2|0x00000000a1000000, 0x00000000a1000000, 0x00000000a1100000|  0%| F|  |TAMS 0x00000000a1000000, 0x00000000a1000000| Untracked 
|   3|0x00000000a1100000, 0x00000000a1100000, 0x00000000a1200000|  0%| F|  |TAMS 0x00000000a1100000, 0x00000000a1100000| Untracked 
|   4|0x00000000a1200000, 0x00000000a1200000, 0x00000000a1300000|  0%| F|  |TAMS 0x00000000a1200000, 0x00000000a1200000| Untracked 
|   5|0x00000000a1300000, 0x00000000a1300000, 0x00000000a1400000|  0%| F|  |TAMS 0x00000000a1300000, 0x00000000a1300000| Untracked 
|   6|0x00000000a1400000, 0x00000000a1400000, 0x00000000a1500000|  0%| F|  |TAMS 0x00000000a1400000, 0x00000000a1400000| Untracked 
|   7|0x00000000a1500000, 0x00000000a1500000, 0x00000000a1600000|  0%| F|  |TAMS 0x00000000a1500000, 0x00000000a1500000| Untracked 
|   8|0x00000000a1600000, 0x00000000a1600000, 0x00000000a1700000|  0%| F|  |TAMS 0x00000000a1600000, 0x00000000a1600000| Untracked 
|   9|0x00000000a1700000, 0x00000000a1700000, 0x00000000a1800000|  0%| F|  |TAMS 0x00000000a1700000, 0x00000000a1700000| Untracked 
|  10|0x00000000a1800000, 0x00000000a1800000, 0x00000000a1900000|  0%| F|  |TAMS 0x00000000a1800000, 0x00000000a1800000| Untracked 
|  11|0x00000000a1900000, 0x00000000a1900000, 0x00000000a1a00000|  0%| F|  |TAMS 0x00000000a1900000, 0x00000000a1900000| Untracked 
|  12|0x00000000a1a00000, 0x00000000a1a00000, 0x00000000a1b00000|  0%| F|  |TAMS 0x00000000a1a00000, 0x00000000a1a00000| Untracked 
|  13|0x00000000a1b00000, 0x00000000a1b00000, 0x00000000a1c00000|  0%| F|  |TAMS 0x00000000a1b00000, 0x00000000a1b00000| Untracked 
|  14|0x00000000a1c00000, 0x00000000a1c00000, 0x00000000a1d00000|  0%| F|  |TAMS 0x00000000a1c00000, 0x00000000a1c00000| Untracked 
|  15|0x00000000a1d00000, 0x00000000a1d00000, 0x00000000a1e00000|  0%| F|  |TAMS 0x00000000a1d00000, 0x00000000a1d00000| Untracked 
|  16|0x00000000a1e00000, 0x00000000a1e00000, 0x00000000a1f00000|  0%| F|  |TAMS 0x00000000a1e00000, 0x00000000a1e00000| Untracked 
|  17|0x00000000a1f00000, 0x00000000a1f00000, 0x00000000a2000000|  0%| F|  |TAMS 0x00000000a1f00000, 0x00000000a1f00000| Untracked 
|  18|0x00000000a2000000, 0x00000000a2000000, 0x00000000a2100000|  0%| F|  |TAMS 0x00000000a2000000, 0x00000000a2000000| Untracked 
|  19|0x00000000a2100000, 0x00000000a2100000, 0x00000000a2200000|  0%| F|  |TAMS 0x00000000a2100000, 0x00000000a2100000| Untracked 
|  20|0x00000000a2200000, 0x00000000a2200000, 0x00000000a2300000|  0%| F|  |TAMS 0x00000000a2200000, 0x00000000a2200000| Untracked 
|  21|0x00000000a2300000, 0x00000000a2300000, 0x00000000a2400000|  0%| F|  |TAMS 0x00000000a2300000, 0x00000000a2300000| Untracked 
|  22|0x00000000a2400000, 0x00000000a2400000, 0x00000000a2500000|  0%| F|  |TAMS 0x00000000a2400000, 0x00000000a2400000| Untracked 
|  23|0x00000000a2500000, 0x00000000a2500000, 0x00000000a2600000|  0%| F|  |TAMS 0x00000000a2500000, 0x00000000a2500000| Untracked 
|  24|0x00000000a2600000, 0x00000000a2600000, 0x00000000a2700000|  0%| F|  |TAMS 0x00000000a2600000, 0x00000000a2600000| Untracked 
|  25|0x00000000a2700000, 0x00000000a2700000, 0x00000000a2800000|  0%| F|  |TAMS 0x00000000a2700000, 0x00000000a2700000| Untracked 
|  26|0x00000000a2800000, 0x00000000a2800000, 0x00000000a2900000|  0%| F|  |TAMS 0x00000000a2800000, 0x00000000a2800000| Untracked 
|  27|0x00000000a2900000, 0x00000000a2900000, 0x00000000a2a00000|  0%| F|  |TAMS 0x00000000a2900000, 0x00000000a2900000| Untracked 
|  28|0x00000000a2a00000, 0x00000000a2a00000, 0x00000000a2b00000|  0%| F|  |TAMS 0x00000000a2a00000, 0x00000000a2a00000| Untracked 
|  29|0x00000000a2b00000, 0x00000000a2b00000, 0x00000000a2c00000|  0%| F|  |TAMS 0x00000000a2b00000, 0x00000000a2b00000| Untracked 
|  30|0x00000000a2c00000, 0x00000000a2c00000, 0x00000000a2d00000|  0%| F|  |TAMS 0x00000000a2c00000, 0x00000000a2c00000| Untracked 
|  31|0x00000000a2d00000, 0x00000000a2d00000, 0x00000000a2e00000|  0%| F|  |TAMS 0x00000000a2d00000, 0x00000000a2d00000| Untracked 
|  32|0x00000000a2e00000, 0x00000000a2e00000, 0x00000000a2f00000|  0%| F|  |TAMS 0x00000000a2e00000, 0x00000000a2e00000| Untracked 
|  33|0x00000000a2f00000, 0x00000000a2f00000, 0x00000000a3000000|  0%| F|  |TAMS 0x00000000a2f00000, 0x00000000a2f00000| Untracked 
|  34|0x00000000a3000000, 0x00000000a3000000, 0x00000000a3100000|  0%| F|  |TAMS 0x00000000a3000000, 0x00000000a3000000| Untracked 
|  35|0x00000000a3100000, 0x00000000a3100000, 0x00000000a3200000|  0%| F|  |TAMS 0x00000000a3100000, 0x00000000a3100000| Untracked 
|  36|0x00000000a3200000, 0x00000000a3200000, 0x00000000a3300000|  0%| F|  |TAMS 0x00000000a3200000, 0x00000000a3200000| Untracked 
|  37|0x00000000a3300000, 0x00000000a3300000, 0x00000000a3400000|  0%| F|  |TAMS 0x00000000a3300000, 0x00000000a3300000| Untracked 
|  38|0x00000000a3400000, 0x00000000a3400000, 0x00000000a3500000|  0%| F|  |TAMS 0x00000000a3400000, 0x00000000a3400000| Untracked 
|  39|0x00000000a3500000, 0x00000000a3500000, 0x00000000a3600000|  0%| F|  |TAMS 0x00000000a3500000, 0x00000000a3500000| Untracked 
|  40|0x00000000a3600000, 0x00000000a3600000, 0x00000000a3700000|  0%| F|  |TAMS 0x00000000a3600000, 0x00000000a3600000| Untracked 
|  41|0x00000000a3700000, 0x00000000a3700000, 0x00000000a3800000|  0%| F|  |TAMS 0x00000000a3700000, 0x00000000a3700000| Untracked 
|  42|0x00000000a3800000, 0x00000000a3800000, 0x00000000a3900000|  0%| F|  |TAMS 0x00000000a3800000, 0x00000000a3800000| Untracked 
|  43|0x00000000a3900000, 0x00000000a3900000, 0x00000000a3a00000|  0%| F|  |TAMS 0x00000000a3900000, 0x00000000a3900000| Untracked 
|  44|0x00000000a3a00000, 0x00000000a3a00000, 0x00000000a3b00000|  0%| F|  |TAMS 0x00000000a3a00000, 0x00000000a3a00000| Untracked 
|  45|0x00000000a3b00000, 0x00000000a3b00000, 0x00000000a3c00000|  0%| F|  |TAMS 0x00000000a3b00000, 0x00000000a3b00000| Untracked 
|  46|0x00000000a3c00000, 0x00000000a3c00000, 0x00000000a3d00000|  0%| F|  |TAMS 0x00000000a3c00000, 0x00000000a3c00000| Untracked 
|  47|0x00000000a3d00000, 0x00000000a3d00000, 0x00000000a3e00000|  0%| F|  |TAMS 0x00000000a3d00000, 0x00000000a3d00000| Untracked 
|  48|0x00000000a3e00000, 0x00000000a3e00000, 0x00000000a3f00000|  0%| F|  |TAMS 0x00000000a3e00000, 0x00000000a3e00000| Untracked 
|  49|0x00000000a3f00000, 0x00000000a3f00000, 0x00000000a4000000|  0%| F|  |TAMS 0x00000000a3f00000, 0x00000000a3f00000| Untracked 
|  50|0x00000000a4000000, 0x00000000a4000000, 0x00000000a4100000|  0%| F|  |TAMS 0x00000000a4000000, 0x00000000a4000000| Untracked 
|  51|0x00000000a4100000, 0x00000000a4100000, 0x00000000a4200000|  0%| F|  |TAMS 0x00000000a4100000, 0x00000000a4100000| Untracked 
|  52|0x00000000a4200000, 0x00000000a4200000, 0x00000000a4300000|  0%| F|  |TAMS 0x00000000a4200000, 0x00000000a4200000| Untracked 
|  53|0x00000000a4300000, 0x00000000a4300000, 0x00000000a4400000|  0%| F|  |TAMS 0x00000000a4300000, 0x00000000a4300000| Untracked 
|  54|0x00000000a4400000, 0x00000000a4400000, 0x00000000a4500000|  0%| F|  |TAMS 0x00000000a4400000, 0x00000000a4400000| Untracked 
|  55|0x00000000a4500000, 0x00000000a4500000, 0x00000000a4600000|  0%| F|  |TAMS 0x00000000a4500000, 0x00000000a4500000| Untracked 
|  56|0x00000000a4600000, 0x00000000a4600000, 0x00000000a4700000|  0%| F|  |TAMS 0x00000000a4600000, 0x00000000a4600000| Untracked 
|  57|0x00000000a4700000, 0x00000000a4700000, 0x00000000a4800000|  0%| F|  |TAMS 0x00000000a4700000, 0x00000000a4700000| Untracked 
|  58|0x00000000a4800000, 0x00000000a4800000, 0x00000000a4900000|  0%| F|  |TAMS 0x00000000a4800000, 0x00000000a4800000| Untracked 
|  59|0x00000000a4900000, 0x00000000a4900000, 0x00000000a4a00000|  0%| F|  |TAMS 0x00000000a4900000, 0x00000000a4900000| Untracked 
|  60|0x00000000a4a00000, 0x00000000a4a00000, 0x00000000a4b00000|  0%| F|  |TAMS 0x00000000a4a00000, 0x00000000a4a00000| Untracked 
|  61|0x00000000a4b00000, 0x00000000a4b00000, 0x00000000a4c00000|  0%| F|  |TAMS 0x00000000a4b00000, 0x00000000a4b00000| Untracked 
|  62|0x00000000a4c00000, 0x00000000a4c00000, 0x00000000a4d00000|  0%| F|  |TAMS 0x00000000a4c00000, 0x00000000a4c00000| Untracked 
|  63|0x00000000a4d00000, 0x00000000a4d00000, 0x00000000a4e00000|  0%| F|  |TAMS 0x00000000a4d00000, 0x00000000a4d00000| Untracked 
|  64|0x00000000a4e00000, 0x00000000a4e00000, 0x00000000a4f00000|  0%| F|  |TAMS 0x00000000a4e00000, 0x00000000a4e00000| Untracked 
|  65|0x00000000a4f00000, 0x00000000a4f00000, 0x00000000a5000000|  0%| F|  |TAMS 0x00000000a4f00000, 0x00000000a4f00000| Untracked 
|  66|0x00000000a5000000, 0x00000000a5000000, 0x00000000a5100000|  0%| F|  |TAMS 0x00000000a5000000, 0x00000000a5000000| Untracked 
|  67|0x00000000a5100000, 0x00000000a5100000, 0x00000000a5200000|  0%| F|  |TAMS 0x00000000a5100000, 0x00000000a5100000| Untracked 
|  68|0x00000000a5200000, 0x00000000a5200000, 0x00000000a5300000|  0%| F|  |TAMS 0x00000000a5200000, 0x00000000a5200000| Untracked 
|  69|0x00000000a5300000, 0x00000000a5300000, 0x00000000a5400000|  0%| F|  |TAMS 0x00000000a5300000, 0x00000000a5300000| Untracked 
|  70|0x00000000a5400000, 0x00000000a5400000, 0x00000000a5500000|  0%| F|  |TAMS 0x00000000a5400000, 0x00000000a5400000| Untracked 
|  71|0x00000000a5500000, 0x00000000a5500000, 0x00000000a5600000|  0%| F|  |TAMS 0x00000000a5500000, 0x00000000a5500000| Untracked 
|  72|0x00000000a5600000, 0x00000000a5600000, 0x00000000a5700000|  0%| F|  |TAMS 0x00000000a5600000, 0x00000000a5600000| Untracked 
|  73|0x00000000a5700000, 0x00000000a5700000, 0x00000000a5800000|  0%| F|  |TAMS 0x00000000a5700000, 0x00000000a5700000| Untracked 
|  74|0x00000000a5800000, 0x00000000a5800000, 0x00000000a5900000|  0%| F|  |TAMS 0x00000000a5800000, 0x00000000a5800000| Untracked 
|  75|0x00000000a5900000, 0x00000000a5900000, 0x00000000a5a00000|  0%| F|  |TAMS 0x00000000a5900000, 0x00000000a5900000| Untracked 
|  76|0x00000000a5a00000, 0x00000000a5a00000, 0x00000000a5b00000|  0%| F|  |TAMS 0x00000000a5a00000, 0x00000000a5a00000| Untracked 
|  77|0x00000000a5b00000, 0x00000000a5b00000, 0x00000000a5c00000|  0%| F|  |TAMS 0x00000000a5b00000, 0x00000000a5b00000| Untracked 
|  78|0x00000000a5c00000, 0x00000000a5c00000, 0x00000000a5d00000|  0%| F|  |TAMS 0x00000000a5c00000, 0x00000000a5c00000| Untracked 
|  79|0x00000000a5d00000, 0x00000000a5d00000, 0x00000000a5e00000|  0%| F|  |TAMS 0x00000000a5d00000, 0x00000000a5d00000| Untracked 
|  80|0x00000000a5e00000, 0x00000000a5e00000, 0x00000000a5f00000|  0%| F|  |TAMS 0x00000000a5e00000, 0x00000000a5e00000| Untracked 
|  81|0x00000000a5f00000, 0x00000000a5f00000, 0x00000000a6000000|  0%| F|  |TAMS 0x00000000a5f00000, 0x00000000a5f00000| Untracked 
|  82|0x00000000a6000000, 0x00000000a6000000, 0x00000000a6100000|  0%| F|  |TAMS 0x00000000a6000000, 0x00000000a6000000| Untracked 
|  83|0x00000000a6100000, 0x00000000a6100000, 0x00000000a6200000|  0%| F|  |TAMS 0x00000000a6100000, 0x00000000a6100000| Untracked 
|  84|0x00000000a6200000, 0x00000000a6200000, 0x00000000a6300000|  0%| F|  |TAMS 0x00000000a6200000, 0x00000000a6200000| Untracked 
|  85|0x00000000a6300000, 0x00000000a6300000, 0x00000000a6400000|  0%| F|  |TAMS 0x00000000a6300000, 0x00000000a6300000| Untracked 
|  86|0x00000000a6400000, 0x00000000a6400000, 0x00000000a6500000|  0%| F|  |TAMS 0x00000000a6400000, 0x00000000a6400000| Untracked 
|  87|0x00000000a6500000, 0x00000000a6500000, 0x00000000a6600000|  0%| F|  |TAMS 0x00000000a6500000, 0x00000000a6500000| Untracked 
|  88|0x00000000a6600000, 0x00000000a6600000, 0x00000000a6700000|  0%| F|  |TAMS 0x00000000a6600000, 0x00000000a6600000| Untracked 
|  89|0x00000000a6700000, 0x00000000a67c8c50, 0x00000000a6800000| 78%| E|  |TAMS 0x00000000a6700000, 0x00000000a6700000| Complete 
|  90|0x00000000a6800000, 0x00000000a6900000, 0x00000000a6900000|100%| E|CS|TAMS 0x00000000a6800000, 0x00000000a6800000| Complete 
|  91|0x00000000a6900000, 0x00000000a6a00000, 0x00000000a6a00000|100%| E|CS|TAMS 0x00000000a6900000, 0x00000000a6900000| Complete 
|  92|0x00000000a6a00000, 0x00000000a6b00000, 0x00000000a6b00000|100%| E|CS|TAMS 0x00000000a6a00000, 0x00000000a6a00000| Complete 
|  93|0x00000000a6b00000, 0x00000000a6c00000, 0x00000000a6c00000|100%| E|CS|TAMS 0x00000000a6b00000, 0x00000000a6b00000| Complete 
|  94|0x00000000a6c00000, 0x00000000a6d00000, 0x00000000a6d00000|100%| E|CS|TAMS 0x00000000a6c00000, 0x00000000a6c00000| Complete 
|  95|0x00000000a6d00000, 0x00000000a6e00000, 0x00000000a6e00000|100%| E|CS|TAMS 0x00000000a6d00000, 0x00000000a6d00000| Complete 

Card table byte_map: [0x000002527e9d0000,0x000002527ecd0000] _byte_map_base: 0x000002527e4c9000

Marking Bits (Prev, Next): (CMBitMap*) 0x00000252767b8ae0, (CMBitMap*) 0x00000252767b8b20
 Prev Bits: [0x000002520f000000, 0x00000252107c8000)
 Next Bits: [0x00000252107d0000, 0x0000025211f98000)

Polling page: 0x0000025274630000

Metaspace:

Usage:
  Non-class:      3.96 MB used.
      Class:    473.09 KB used.
       Both:      4.42 MB used.

Virtual space:
  Non-class space:       64.00 MB reserved,       4.00 MB (  6%) committed,  1 nodes.
      Class space:        1.00 GB reserved,     512.00 KB ( <1%) committed,  1 nodes.
             Both:        1.06 GB reserved,       4.50 MB ( <1%) committed. 

Chunk freelists:
   Non-Class:  3.88 MB
       Class:  3.50 MB
        Both:  7.38 MB

MaxMetaspaceSize: unlimited
CompressedClassSpaceSize: 1.00 GB
Initial GC threshold: 21.00 MB
Current GC threshold: 21.00 MB
CDS: on
MetaspaceReclaimPolicy: balanced
 - commit_granule_bytes: 65536.
 - commit_granule_words: 8192.
 - virtual_space_node_default_size: 8388608.
 - enlarge_chunks_in_place: 1.
 - new_chunks_are_fully_committed: 0.
 - uncommit_free_chunks: 1.
 - use_allocation_guard: 0.


Internal statistics:

num_allocs_failed_limit: 0.
num_arena_births: 124.
num_arena_deaths: 0.
num_vsnodes_births: 2.
num_vsnodes_deaths: 0.
num_space_committed: 72.
num_space_uncommitted: 0.
num_chunks_returned_to_freelist: 0.
num_chunks_taken_from_freelist: 129.
num_chunk_merges: 0.
num_chunk_splits: 93.
num_chunks_enlarged: 60.
num_inconsistent_stats: 0.

CodeHeap 'non-profiled nmethods': size=120000Kb used=194Kb max_used=194Kb free=119805Kb
 bounds [0x0000025207ad0000, 0x0000025207d40000, 0x000002520f000000]
CodeHeap 'profiled nmethods': size=120000Kb used=953Kb max_used=953Kb free=119046Kb
 bounds [0x0000025200000000, 0x0000025200270000, 0x0000025207530000]
CodeHeap 'non-nmethods': size=5760Kb used=1284Kb max_used=1296Kb free=4476Kb
 bounds [0x0000025207530000, 0x00000252077a0000, 0x0000025207ad0000]
 total_blobs=1170 nmethods=664 adapters=417
 compilation: enabled
              stopped_count=0, restarted_count=0
 full_count=0

Compilation events (20 events):
Event: 0.561 Thread 0x000002527f480470 nmethod 652 0x00000252000e6210 code [0x00000252000e63a0, 0x00000252000e64f8]
Event: 0.562 Thread 0x000002527f480470  654       3       jdk.internal.org.objectweb.asm.ClassReader::<init> (371 bytes)
Event: 0.563 Thread 0x000002527f480470 nmethod 654 0x00000252000e6590 code [0x00000252000e6880, 0x00000252000e7ba8]
Event: 0.563 Thread 0x000002527f480470  653       3       java.lang.invoke.MethodHandles$Lookup$ClassFile::readUnsignedShort (39 bytes)
Event: 0.564 Thread 0x000002527f480470 nmethod 653 0x00000252000e8110 code [0x00000252000e82c0, 0x00000252000e84c8]
Event: 0.564 Thread 0x000002527f480470  655       1       jdk.internal.org.objectweb.asm.ClassReader::getMaxStringLength (5 bytes)
Event: 0.564 Thread 0x000002527f480470 nmethod 655 0x0000025207b00110 code [0x0000025207b002a0, 0x0000025207b00358]
Event: 0.567 Thread 0x000002527f47dd40  656       4       java.util.HashMap::putVal (300 bytes)
Event: 0.568 Thread 0x000002527f480470  657       3       java.lang.invoke.DirectMethodHandle::allocateInstance (16 bytes)
Event: 0.568 Thread 0x000002527f480470 nmethod 657 0x00000252000e8610 code [0x00000252000e87c0, 0x00000252000e89e8]
Event: 0.568 Thread 0x000002527f480470  659       3       java.lang.invoke.DirectMethodHandle::constructorMethod (10 bytes)
Event: 0.568 Thread 0x000002527f480470 nmethod 659 0x00000252000e8b10 code [0x00000252000e8cc0, 0x00000252000e8eb8]
Event: 0.569 Thread 0x000002527f480470  660       3       sun.util.ResourceBundleEnumeration::hasMoreElements (117 bytes)
Event: 0.570 Thread 0x000002527f480470 nmethod 660 0x00000252000e8f90 code [0x00000252000e91c0, 0x00000252000e9c88]
Event: 0.572 Thread 0x000002527f480470  661       3       jdk.internal.org.objectweb.asm.Frame::push (59 bytes)
Event: 0.573 Thread 0x000002527f480470 nmethod 661 0x00000252000e9e90 code [0x00000252000ea0c0, 0x00000252000ea898]
Event: 0.573 Thread 0x000002527f480470  662       3       jdk.internal.org.objectweb.asm.MethodWriter::visitFieldInsn (258 bytes)
Event: 0.574 Thread 0x000002527f480470 nmethod 662 0x00000252000eac10 code [0x00000252000eae80, 0x00000252000eba48]
Event: 0.574 Thread 0x000002527f480470  663       3       jdk.internal.org.objectweb.asm.SymbolTable::addConstantFieldref (10 bytes)
Event: 0.574 Thread 0x000002527f480470 nmethod 663 0x00000252000ebe90 code [0x00000252000ec040, 0x00000252000ec188]

GC Heap History (0 events):
No events

Dll operation events (7 events):
Event: 0.017 Loaded shared library C:\Program Files\Java\jdk-19\bin\java.dll
Event: 0.032 Loaded shared library C:\Program Files\Java\jdk-19\bin\jsvml.dll
Event: 0.093 Loaded shared library C:\Program Files\Java\jdk-19\bin\net.dll
Event: 0.097 Loaded shared library C:\Program Files\Java\jdk-19\bin\nio.dll
Event: 0.137 Loaded shared library C:\Program Files\Java\jdk-19\bin\zip.dll
Event: 0.238 Loaded shared library C:\Program Files\Java\jdk-19\bin\jimage.dll
Event: 0.262 Loaded shared library C:\Program Files\Java\jdk-19\bin\awt.dll

Deoptimization events (20 events):
Event: 0.222 Thread 0x0000025276767160 Uncommon trap: trap_request=0xffffff45 fr.pc=0x0000025207ad8ac4 relative=0x00000000000000a4
Event: 0.222 Thread 0x0000025276767160 Uncommon trap: reason=unstable_if action=reinterpret pc=0x0000025207ad8ac4 method=java.lang.String.isLatin1()Z @ 10 c2
Event: 0.222 Thread 0x0000025276767160 DEOPT PACKING pc=0x0000025207ad8ac4 sp=0x00000079047fef50
Event: 0.222 Thread 0x0000025276767160 DEOPT UNPACKING pc=0x0000025207596da3 sp=0x00000079047fee90 mode 2
Event: 0.567 Thread 0x0000025276767160 Uncommon trap: trap_request=0xffffffc6 fr.pc=0x0000025207aeab28 relative=0x0000000000000be8
Event: 0.567 Thread 0x0000025276767160 Uncommon trap: reason=bimorphic_or_optimized_type_check action=maybe_recompile pc=0x0000025207aeab28 method=java.util.HashMap.putVal(ILjava/lang/Object;Ljava/lang/Object;ZZ)Ljava/lang/Object; @ 56 c2
Event: 0.567 Thread 0x0000025276767160 DEOPT PACKING pc=0x0000025207aeab28 sp=0x00000079047fec00
Event: 0.567 Thread 0x0000025276767160 DEOPT UNPACKING pc=0x0000025207596da3 sp=0x00000079047feb98 mode 2
Event: 0.567 Thread 0x0000025276767160 Uncommon trap: trap_request=0xffffffc6 fr.pc=0x0000025207aeab28 relative=0x0000000000000be8
Event: 0.567 Thread 0x0000025276767160 Uncommon trap: reason=bimorphic_or_optimized_type_check action=maybe_recompile pc=0x0000025207aeab28 method=java.util.HashMap.putVal(ILjava/lang/Object;Ljava/lang/Object;ZZ)Ljava/lang/Object; @ 56 c2
Event: 0.567 Thread 0x0000025276767160 DEOPT PACKING pc=0x0000025207aeab28 sp=0x00000079047fec00
Event: 0.567 Thread 0x0000025276767160 DEOPT UNPACKING pc=0x0000025207596da3 sp=0x00000079047feb98 mode 2
Event: 0.567 Thread 0x0000025276767160 Uncommon trap: trap_request=0xffffffc6 fr.pc=0x0000025207aeab28 relative=0x0000000000000be8
Event: 0.567 Thread 0x0000025276767160 Uncommon trap: reason=bimorphic_or_optimized_type_check action=maybe_recompile pc=0x0000025207aeab28 method=java.util.HashMap.putVal(ILjava/lang/Object;Ljava/lang/Object;ZZ)Ljava/lang/Object; @ 56 c2
Event: 0.567 Thread 0x0000025276767160 DEOPT PACKING pc=0x0000025207aeab28 sp=0x00000079047fec00
Event: 0.567 Thread 0x0000025276767160 DEOPT UNPACKING pc=0x0000025207596da3 sp=0x00000079047feb98 mode 2
Event: 0.567 Thread 0x0000025276767160 Uncommon trap: trap_request=0xffffffc6 fr.pc=0x0000025207aeab28 relative=0x0000000000000be8
Event: 0.567 Thread 0x0000025276767160 Uncommon trap: reason=bimorphic_or_optimized_type_check action=maybe_recompile pc=0x0000025207aeab28 method=java.util.HashMap.putVal(ILjava/lang/Object;Ljava/lang/Object;ZZ)Ljava/lang/Object; @ 56 c2
Event: 0.567 Thread 0x0000025276767160 DEOPT PACKING pc=0x0000025207aeab28 sp=0x00000079047fec00
Event: 0.567 Thread 0x0000025276767160 DEOPT UNPACKING pc=0x0000025207596da3 sp=0x00000079047feb98 mode 2

Classes loaded (20 events):
Event: 0.577 Loading class javax/swing/FocusManager
Event: 0.578 Loading class javax/swing/FocusManager done
Event: 0.578 Loading class javax/swing/LayoutFocusTraversalPolicy
Event: 0.578 Loading class javax/swing/SortingFocusTraversalPolicy
Event: 0.578 Loading class javax/swing/InternalFrameFocusTraversalPolicy
Event: 0.578 Loading class javax/swing/InternalFrameFocusTraversalPolicy done
Event: 0.578 Loading class javax/swing/SortingFocusTraversalPolicy done
Event: 0.578 Loading class javax/swing/LayoutFocusTraversalPolicy done
Event: 0.578 Loading class javax/swing/SwingContainerOrderFocusTraversalPolicy
Event: 0.578 Loading class javax/swing/SwingContainerOrderFocusTraversalPolicy done
Event: 0.578 Loading class javax/swing/SwingDefaultFocusTraversalPolicy
Event: 0.578 Loading class javax/swing/SwingDefaultFocusTraversalPolicy done
Event: 0.578 Loading class javax/swing/LayoutComparator
Event: 0.579 Loading class javax/swing/LayoutComparator done
Event: 0.579 Loading class javax/swing/plaf/metal/MetalRootPaneUI
Event: 0.579 Loading class javax/swing/plaf/basic/BasicRootPaneUI
Event: 0.579 Loading class javax/swing/plaf/RootPaneUI
Event: 0.579 Loading class javax/swing/plaf/RootPaneUI done
Event: 0.579 Loading class javax/swing/plaf/basic/BasicRootPaneUI done
Event: 0.579 Loading class javax/swing/plaf/metal/MetalRootPaneUI done

Classes unloaded (0 events):
No events

Classes redefined (0 events):
No events

Internal exceptions (15 events):
Event: 0.114 Thread 0x0000025276767160 Exception <a 'java/lang/NoSuchMethodError'{0x00000000a6c30ff8}: 'void java.lang.invoke.DirectMethodHandle$Holder.invokeVirtual(java.lang.Object, java.lang.Object)'> (0x00000000a6c30ff8) 
thrown [s\open\src\hotspot\share\interpreter\linkResolver.cpp, line 774]
Event: 0.191 Thread 0x0000025276767160 Exception <a 'java/lang/NoSuchMethodError'{0x00000000a6bc4040}: 'void java.lang.invoke.DirectMethodHandle$Holder.invokeSpecial(java.lang.Object, java.lang.Object, java.lang.Object)'> (0x00000000a6bc4040) 
thrown [s\open\src\hotspot\share\interpreter\linkResolver.cpp, line 774]
Event: 0.195 Thread 0x0000025276767160 Exception <a 'java/lang/NoSuchMethodError'{0x00000000a6a07790}: 'void java.lang.invoke.DirectMethodHandle$Holder.invokeSpecial(java.lang.Object, java.lang.Object, java.lang.Object, java.lang.Object, java.lang.Object)'> (0x00000000a6a07790) 
thrown [s\open\src\hotspot\share\interpreter\linkResolver.cpp, line 774]
Event: 0.203 Thread 0x0000025276767160 Exception <a 'java/lang/NoSuchMethodError'{0x00000000a6a1af40}: 'java.lang.Object java.lang.invoke.DirectMethodHandle$Holder.invokeInterface(java.lang.Object, java.lang.Object)'> (0x00000000a6a1af40) 
thrown [s\open\src\hotspot\share\interpreter\linkResolver.cpp, line 774]
Event: 0.203 Thread 0x0000025276767160 Exception <a 'java/lang/IncompatibleClassChangeError'{0x00000000a6a1e490}: Found class java.lang.Object, but interface was expected> (0x00000000a6a1e490) 
thrown [s\open\src\hotspot\share\interpreter\linkResolver.cpp, line 841]
Event: 0.204 Thread 0x0000025276767160 Exception <a 'java/lang/NoSuchMethodError'{0x00000000a6a212e8}: 'void java.lang.invoke.DirectMethodHandle$Holder.invokeStatic(java.lang.Object, java.lang.Object, java.lang.Object, java.lang.Object)'> (0x00000000a6a212e8) 
thrown [s\open\src\hotspot\share\interpreter\linkResolver.cpp, line 774]
Event: 0.240 Thread 0x0000025276767160 Exception <a 'sun/nio/fs/WindowsException'{0x00000000a6a9c170}> (0x00000000a6a9c170) 
thrown [s\open\src\hotspot\share\prims\jni.cpp, line 517]
Event: 0.249 Thread 0x0000025276767160 Exception <a 'java/lang/ClassNotFoundException'{0x00000000a6ac5620}: sun/awt/resources/spi/awtProvider> (0x00000000a6ac5620) 
thrown [s\open\src\hotspot\share\classfile\systemDictionary.cpp, line 255]
Event: 0.279 Thread 0x0000025276767160 Exception <a 'java/io/FileNotFoundException'{0x00000000a691b7a8}> (0x00000000a691b7a8) 
thrown [s\open\src\hotspot\share\prims\jni.cpp, line 517]
Event: 0.291 Thread 0x0000025276767160 Exception <a 'java/io/FileNotFoundException'{0x00000000a6948048}> (0x00000000a6948048) 
thrown [s\open\src\hotspot\share\prims\jni.cpp, line 517]
Event: 0.348 Thread 0x0000025276767160 Exception <a 'java/lang/NoSuchMethodError'{0x00000000a698bc38}: 'java.lang.Object java.lang.invoke.DirectMethodHandle$Holder.invokeStaticInit(java.lang.Object)'> (0x00000000a698bc38) 
thrown [s\open\src\hotspot\share\interpreter\linkResolver.cpp, line 774]
Event: 0.518 Thread 0x0000025276767160 Exception <a 'java/lang/NoSuchMethodError'{0x00000000a6881fe0}: 'java.lang.Object java.lang.invoke.DirectMethodHandle$Holder.newInvokeSpecial(java.lang.Object, java.lang.Object, java.lang.Object, java.lang.Object, java.lang.Object)'> (0x00000000a6881fe0) 
thrown [s\open\src\hotspot\share\interpreter\linkResolver.cpp, line 774]
Event: 0.528 Thread 0x0000025276767160 Exception <a 'java/lang/NoSuchMethodError'{0x00000000a68b3d58}: 'java.lang.Object java.lang.invoke.DirectMethodHandle$Holder.invokeStatic(java.lang.Object, int, java.lang.Object)'> (0x00000000a68b3d58) 
thrown [s\open\src\hotspot\share\interpreter\linkResolver.cpp, line 774]
Event: 0.566 Thread 0x0000025276767160 Exception <a 'java/lang/ClassNotFoundException'{0x00000000a676f3b8}: com/sun/swing/internal/plaf/metal/resources/spi/metalProvider> (0x00000000a676f3b8) 
thrown [s\open\src\hotspot\share\classfile\systemDictionary.cpp, line 255]
Event: 0.568 Thread 0x0000025276767160 Exception <a 'java/lang/ClassNotFoundException'{0x00000000a67732e8}: com/sun/swing/internal/plaf/basic/resources/spi/basicProvider> (0x00000000a67732e8) 
thrown [s\open\src\hotspot\share\classfile\systemDictionary.cpp, line 255]

VM Operations (4 events):
Event: 0.201 Executing VM operation: HandshakeAllThreads
Event: 0.201 Executing VM operation: HandshakeAllThreads done
Event: 0.300 Executing VM operation: HandshakeAllThreads
Event: 0.301 Executing VM operation: HandshakeAllThreads done

Events (17 events):
Event: 0.032 Thread 0x0000025276767160 Thread added: 0x0000025276767160
Event: 0.051 Thread 0x000002527f463910 Thread added: 0x000002527f463910
Event: 0.051 Thread 0x000002527f464a50 Thread added: 0x000002527f464a50
Event: 0.052 Thread 0x000002527f466c60 Thread added: 0x000002527f466c60
Event: 0.052 Thread 0x000002527f46b6b0 Thread added: 0x000002527f46b6b0
Event: 0.052 Thread 0x000002527f4705a0 Thread added: 0x000002527f4705a0
Event: 0.052 Thread 0x000002527f479220 Thread added: 0x000002527f479220
Event: 0.052 Thread 0x000002527f47dd40 Thread added: 0x000002527f47dd40
Event: 0.052 Thread 0x000002527f480470 Thread added: 0x000002527f480470
Event: 0.053 Thread 0x000002527f4889e0 Thread added: 0x000002527f4889e0
Event: 0.084 Thread 0x0000025218162850 Thread added: 0x0000025218162850
Event: 0.187 Thread 0x000002521826e820 Thread added: 0x000002521826e820
Event: 0.221 Thread 0x000002521834d470 Thread added: 0x000002521834d470
Event: 0.350 Thread 0x00000252183b0750 Thread added: 0x00000252183b0750
Event: 0.357 Thread 0x0000025218484170 Thread added: 0x0000025218484170
Event: 0.361 Thread 0x00000252183d76a0 Thread added: 0x00000252183d76a0
Event: 0.471 Thread 0x000002521826e820 Thread exited: 0x000002521826e820


Dynamic libraries:
0x00007ff7ef080000 - 0x00007ff7ef090000 	C:\Program Files\Java\jdk-19\bin\javaw.exe
0x00007ffc40f50000 - 0x00007ffc41164000 	C:\WINDOWS\SYSTEM32\ntdll.dll
0x00007ffc3fe30000 - 0x00007ffc3fef2000 	C:\WINDOWS\System32\KERNEL32.DLL
0x00007ffc3e670000 - 0x00007ffc3ea13000 	C:\WINDOWS\System32\KERNELBASE.dll
0x00007ffc3eb40000 - 0x00007ffc3ec51000 	C:\WINDOWS\System32\ucrtbase.dll
0x00007ffc1ab80000 - 0x00007ffc1ab9b000 	C:\Program Files\Java\jdk-19\bin\VCRUNTIME140.dll
0x00007ffc21640000 - 0x00007ffc21658000 	C:\Program Files\Java\jdk-19\bin\jli.dll
0x00007ffc3fd80000 - 0x00007ffc3fe2e000 	C:\WINDOWS\System32\ADVAPI32.dll
0x00007ffc3f0f0000 - 0x00007ffc3f197000 	C:\WINDOWS\System32\msvcrt.dll
0x00007ffc401e0000 - 0x00007ffc40284000 	C:\WINDOWS\System32\sechost.dll
0x00007ffc3fa30000 - 0x00007ffc3fb47000 	C:\WINDOWS\System32\RPCRT4.dll
0x00007ffc404c0000 - 0x00007ffc4066b000 	C:\WINDOWS\System32\USER32.dll
0x00007ffc3e370000 - 0x00007ffc3e396000 	C:\WINDOWS\System32\win32u.dll
0x00007ffc22150000 - 0x00007ffc223de000 	C:\WINDOWS\WinSxS\amd64_microsoft.windows.common-controls_6595b64144ccf1df_6.0.22621.1635_none_270f70857386168e\COMCTL32.dll
0x00007ffc3f050000 - 0x00007ffc3f079000 	C:\WINDOWS\System32\GDI32.dll
0x00007ffc3ea20000 - 0x00007ffc3eb38000 	C:\WINDOWS\System32\gdi32full.dll
0x00007ffc3e460000 - 0x00007ffc3e4fa000 	C:\WINDOWS\System32\msvcp_win.dll
0x00007ffc35f00000 - 0x00007ffc35f0a000 	C:\WINDOWS\SYSTEM32\VERSION.dll
0x00007ffc401a0000 - 0x00007ffc401d1000 	C:\WINDOWS\System32\IMM32.DLL
0x00007ffc26580000 - 0x00007ffc2658c000 	C:\Program Files\Java\jdk-19\bin\vcruntime140_1.dll
0x00007ffc1aaf0000 - 0x00007ffc1ab7e000 	C:\Program Files\Java\jdk-19\bin\msvcp140.dll
0x00007ffbe1b50000 - 0x00007ffbe2810000 	C:\Program Files\Java\jdk-19\bin\server\jvm.dll
0x00007ffc359f0000 - 0x00007ffc35a24000 	C:\WINDOWS\SYSTEM32\WINMM.dll
0x00007ffc21630000 - 0x00007ffc21639000 	C:\WINDOWS\SYSTEM32\WSOCK32.dll
0x00007ffc3ed50000 - 0x00007ffc3edc1000 	C:\WINDOWS\System32\WS2_32.dll
0x00007ffc3d3c0000 - 0x00007ffc3d3d8000 	C:\WINDOWS\SYSTEM32\kernel.appcore.dll
0x00007ffc1bfe0000 - 0x00007ffc1bfea000 	C:\Program Files\Java\jdk-19\bin\jimage.dll
0x00007ffc2bff0000 - 0x00007ffc2c21e000 	C:\WINDOWS\SYSTEM32\DBGHELP.DLL
0x00007ffc3f6a0000 - 0x00007ffc3fa29000 	C:\WINDOWS\System32\combase.dll
0x00007ffc3edd0000 - 0x00007ffc3eea7000 	C:\WINDOWS\System32\OLEAUT32.dll
0x00007ffc23640000 - 0x00007ffc23672000 	C:\WINDOWS\SYSTEM32\dbgcore.DLL
0x00007ffc3ec60000 - 0x00007ffc3ecdb000 	C:\WINDOWS\System32\bcryptPrimitives.dll
0x00007ffc1aac0000 - 0x00007ffc1aae6000 	C:\Program Files\Java\jdk-19\bin\java.dll
0x00007ffc1a8f0000 - 0x00007ffc1a9c7000 	C:\Program Files\Java\jdk-19\bin\jsvml.dll
0x00007ffc40710000 - 0x00007ffc40f0a000 	C:\WINDOWS\System32\SHELL32.dll
0x00007ffc3c370000 - 0x00007ffc3cc3e000 	C:\WINDOWS\SYSTEM32\windows.storage.dll
0x00007ffc3c230000 - 0x00007ffc3c36e000 	C:\WINDOWS\SYSTEM32\wintypes.dll
0x00007ffc3fbb0000 - 0x00007ffc3fca1000 	C:\WINDOWS\System32\SHCORE.dll
0x00007ffc3fb50000 - 0x00007ffc3fbae000 	C:\WINDOWS\System32\shlwapi.dll
0x00007ffc3e2a0000 - 0x00007ffc3e2c1000 	C:\WINDOWS\SYSTEM32\profapi.dll
0x00007ffc1aaa0000 - 0x00007ffc1aab3000 	C:\Program Files\Java\jdk-19\bin\net.dll
0x00007ffc35ca0000 - 0x00007ffc35dd7000 	C:\WINDOWS\SYSTEM32\WINHTTP.dll
0x00007ffc3d830000 - 0x00007ffc3d899000 	C:\WINDOWS\system32\mswsock.dll
0x00007ffc1aa80000 - 0x00007ffc1aa96000 	C:\Program Files\Java\jdk-19\bin\nio.dll
0x00007ffc1aa60000 - 0x00007ffc1aa78000 	C:\Program Files\Java\jdk-19\bin\zip.dll
0x00007ffbfcb10000 - 0x00007ffbfcca1000 	C:\Program Files\Java\jdk-19\bin\awt.dll
0x00007ffc3b7b0000 - 0x00007ffc3b847000 	C:\WINDOWS\SYSTEM32\apphelp.dll
0x00007ffc3bbd0000 - 0x00007ffc3bbfb000 	C:\WINDOWS\system32\DWMAPI.DLL
0x00007ffc3b940000 - 0x00007ffc3b9eb000 	C:\WINDOWS\system32\uxtheme.dll
0x00007ffbfb4f0000 - 0x00007ffbfb5f0000 	C:\WINDOWS\system32\opengl32.dll
0x00007ffbfdb50000 - 0x00007ffbfdb7d000 	C:\WINDOWS\SYSTEM32\GLU32.dll
0x00007ffc3ba80000 - 0x00007ffc3bab6000 	C:\WINDOWS\SYSTEM32\dxcore.dll
0x00007ffc40290000 - 0x00007ffc403ae000 	C:\WINDOWS\System32\MSCTF.dll
0x00007ffc3eeb0000 - 0x00007ffc3f04c000 	C:\WINDOWS\System32\ole32.dll
0x00007ffbfb660000 - 0x00007ffbfb809000 	C:\WINDOWS\system32\d3d9.dll
0x00007ffc357b0000 - 0x00007ffc35968000 	C:\Windows\System32\DriverStore\FileRepository\u0376648.inf_amd64_10263edfe9a1aa63\B374868\aticfx64.dll
0x00007ffbfb4b0000 - 0x00007ffbfb4e4000 	C:\Windows\System32\DriverStore\FileRepository\u0376648.inf_amd64_10263edfe9a1aa63\B374868\atiu9p64.dll
0x00007ffbee600000 - 0x00007ffbef354000 	C:\Windows\System32\DriverStore\FileRepository\u0376648.inf_amd64_10263edfe9a1aa63\B374868\atiumd64.dll
0x0000000068b40000 - 0x00000000699b3000 	C:\WINDOWS\System32\DriverStore\FileRepository\u0376648.inf_amd64_10263edfe9a1aa63\B374868\atiumd6a.dll
0x00007ffc3f1a0000 - 0x00007ffc3f614000 	C:\WINDOWS\System32\SETUPAPI.dll
0x00007ffc3e240000 - 0x00007ffc3e28d000 	C:\WINDOWS\SYSTEM32\POWRPROF.dll
0x00007ffc3e170000 - 0x00007ffc3e183000 	C:\WINDOWS\SYSTEM32\UMPDC.dll
0x00007ffc33290000 - 0x00007ffc332c0000 	C:\WINDOWS\SYSTEM32\amdihk64.dll
0x00007ffc38cd0000 - 0x00007ffc38d18000 	C:\WINDOWS\SYSTEM32\directxdatabasehelper.dll

dbghelp: loaded successfully - version: 4.0.5 - missing functions: none
symbol engine: initialized successfully - sym options: 0x614 - pdb path: .;C:\Program Files\Java\jdk-19\bin;C:\WINDOWS\SYSTEM32;C:\WINDOWS\WinSxS\amd64_microsoft.windows.common-controls_6595b64144ccf1df_6.0.22621.1635_none_270f70857386168e;C:\Program Files\Java\jdk-19\bin\server;C:\Windows\System32\DriverStore\FileRepository\u0376648.inf_amd64_10263edfe9a1aa63\B374868

VM Arguments:
jvm_args: -Dfile.encoding=UTF-8 --module-path=C:\Users\snasi\OneDrive\Desktop\Nasir\Java\Java All Programms\Bank_Management_System\bin;C:\Users\snasi\OneDrive\Desktop\Nasir\Java\Java All Programms\Bank_Management_System\jcalendar-tz-1.3.3-4.jar;C:\Users\snasi\OneDrive\Desktop\Nasir\Java\Java All Programms\Bank_Management_System\SQL_Connection\mysql-connector-java-8.0.28.jar -XX:+ShowCodeDetailsInExceptionMessages -Djdk.module.main=Bank_Management_System 
java_command: Bank_Management_System/Bank_Management.SinginThree
java_class_path (initial): <not set>
Launcher Type: SUN_STANDARD

[Global flags]
     intx CICompilerCount                          = 3                                         {product} {ergonomic}
     uint ConcGCThreads                            = 1                                         {product} {ergonomic}
     uint G1ConcRefinementThreads                  = 4                                         {product} {ergonomic}
   size_t G1HeapRegionSize                         = 1048576                                   {product} {ergonomic}
    uintx GCDrainStackTargetSize                   = 64                                        {product} {ergonomic}
   size_t InitialHeapSize                          = 100663296                                 {product} {ergonomic}
   size_t MarkStackSize                            = 4194304                                   {product} {ergonomic}
   size_t MaxHeapSize                              = 1595932672                                {product} {ergonomic}
   size_t MaxNewSize                               = 957349888                                 {product} {ergonomic}
   size_t MinHeapDeltaBytes                        = 1048576                                   {product} {ergonomic}
   size_t MinHeapSize                              = 8388608                                   {product} {ergonomic}
    uintx NonNMethodCodeHeapSize                   = 5832780                                {pd product} {ergonomic}
    uintx NonProfiledCodeHeapSize                  = 122912730                              {pd product} {ergonomic}
    uintx ProfiledCodeHeapSize                     = 122912730                              {pd product} {ergonomic}
    uintx ReservedCodeCacheSize                    = 251658240                              {pd product} {ergonomic}
     bool SegmentedCodeCache                       = true                                      {product} {ergonomic}
     bool ShowCodeDetailsInExceptionMessages       = true                                   {manageable} {command line}
   size_t SoftMaxHeapSize                          = 1595932672                             {manageable} {ergonomic}
     bool UseCompressedClassPointers               = true                           {product lp64_product} {ergonomic}
     bool UseCompressedOops                        = true                           {product lp64_product} {ergonomic}
     bool UseG1GC                                  = true                                      {product} {ergonomic}
     bool UseLargePagesIndividualAllocation        = false                                  {pd product} {ergonomic}

Logging:
Log output configuration:
 #0: stdout all=warning uptime,level,tags foldmultilines=false
 #1: stderr all=off uptime,level,tags foldmultilines=false

Environment Variables:
PATH=C:\Program Files\Common Files\Oracle\Java\javapath;C:\ProgramData\Oracle\Java\javapath;C:\Program Files (x86)\Common Files\Oracle\Java\javapath;D:\oracle\product\10.2.0\db_1\bin;C:\WINDOWS\system32;C:\WINDOWS;C:\WINDOWS\System32\Wbem;C:\WINDOWS\System32\WindowsPowerShell\v1.0\;C:\WINDOWS\System32\OpenSSH\;C:\Program Files\Java\jdk-17.0.2\bin;C:\Program Files (x86)\Java\jre1.8.0_141\bin;C:\Program Files (x86)\Java\jdk1.8.0_141\bin;C:\Program Files\Git\cmd;C:\Program Files\nodejs\;C:\Program Files\MySQL\MySQL Shell 8.0\bin\;C:\Users\snasi\AppData\Local\Microsoft\WindowsApps;;C:\Users\snasi\AppData\Local\Programs\Microsoft VS Code\bin;C:\Users\snasi\AppData\Roaming\npm
USERNAME=snasi
OS=Windows_NT
PROCESSOR_IDENTIFIER=AMD64 Family 23 Model 24 Stepping 1, AuthenticAMD
TMP=C:\Users\snasi\AppData\Local\Temp
TEMP=C:\Users\snasi\AppData\Local\Temp



---------------  S Y S T E M  ---------------

OS:
 Windows 11 , 64 bit Build 22621 (10.0.22621.1635)
OS uptime: 1 days 14:58 hours

CPU: total 4 (initial active 4) (4 cores per cpu, 2 threads per core) family 23 model 24 stepping 1 microcode 0x0, cx8, cmov, fxsr, ht, mmx, 3dnowpref, sse, sse2, sse3, ssse3, sse4a, sse4.1, sse4.2, popcnt, lzcnt, tsc, tscinvbit, avx, avx2, aes, clmul, bmi1, bmi2, adx, sha, fma, vzeroupper, clflush, clflushopt, rdtscp

Memory: 4k page, system-wide physical 6086M (559M free)
TotalPageFile size 24518M (AvailPageFile size 1M)
current process WorkingSet (physical memory assigned to process): 59M, peak: 59M
current process commit charge ("private bytes"): 191M, peak: 191M

vm_info: Java HotSpot(TM) 64-Bit Server VM (19.0.2+7-44) for windows-amd64 JRE (19.0.2+7-44), built on 2022-11-30T18:02:09Z by "mach5one" with MS VC++ 17.1 (VS2022)

END.
